# JRE version: OpenJDK Runtime Environment (8.0_242-b01) (build 1.8.0_242-release-1644-b01)
# Java VM: OpenJDK 64-Bit Server VM (25.242-b01 mixed mode windows-amd64 compressed oops)
Heap:
 PSYoungGen      total 188416K, used 77878K [0x00000000e0000000, 0x00000000ec780000, 0x0000000100000000)
  eden space 174592K, 43% used [0x00000000e0000000,0x00000000e4a44e48,0x00000000eaa80000)
  from space 13824K, 13% used [0x00000000eba00000,0x00000000ebbc8d20,0x00000000ec780000)
  to   space 14848K, 0% used [0x00000000eaa80000,0x00000000eaa80000,0x00000000eb900000)
 ParOldGen       total 55296K, used 26398K [0x00000000a0000000, 0x00000000a3600000, 0x00000000e0000000)
  object space 55296K, 47% used [0x00000000a0000000,0x00000000a19c7890,0x00000000a3600000)
 Metaspace       used 48224K, capacity 49378K, committed 49792K, reserved 1093632K
  class space    used 6145K, capacity 6456K, committed 6528K, reserved 1048576K
GC Heap History (10 events):
Event: 12.790 GC heap before
{Heap before GC invocations=16 (full 2):
 PSYoungGen      total 168448K, used 154624K [0x00000000e0000000, 0x00000000eb200000, 0x0000000100000000)
  eden space 154624K, 100% used [0x00000000e0000000,0x00000000e9700000,0x00000000e9700000)
  from space 13824K, 0% used [0x00000000e9700000,0x00000000e9700000,0x00000000ea480000)
  to   space 11776K, 0% used [0x00000000ea680000,0x00000000ea680000,0x00000000eb200000)
 ParOldGen       total 55296K, used 14382K [0x00000000a0000000, 0x00000000a3600000, 0x00000000e0000000)
  object space 55296K, 26% used [0x00000000a0000000,0x00000000a0e0bb70,0x00000000a3600000)
 Metaspace       used 45052K, capacity 46048K, committed 46464K, reserved 1089536K
  class space    used 5881K, capacity 6147K, committed 6272K, reserved 1048576K
Event: 12.804 GC heap after
Heap after GC invocations=16 (full 2):
 PSYoungGen      total 166400K, used 11759K [0x00000000e0000000, 0x00000000eb200000, 0x0000000100000000)
  eden space 154624K, 0% used [0x00000000e0000000,0x00000000e0000000,0x00000000e9700000)
  from space 11776K, 99% used [0x00000000ea680000,0x00000000eb1fbf30,0x00000000eb200000)
  to   space 13824K, 0% used [0x00000000e9700000,0x00000000e9700000,0x00000000ea480000)
 ParOldGen       total 55296K, used 17364K [0x00000000a0000000, 0x00000000a3600000, 0x00000000e0000000)
  object space 55296K, 31% used [0x00000000a0000000,0x00000000a10f50b8,0x00000000a3600000)
 Metaspace       used 45052K, capacity 46048K, committed 46464K, reserved 1089536K
  class space    used 5881K, capacity 6147K, committed 6272K, reserved 1048576K
}
Event: 23.506 GC heap before
{Heap before GC invocations=17 (full 2):
 PSYoungGen      total 166400K, used 166383K [0x00000000e0000000, 0x00000000eb200000, 0x0000000100000000)
  eden space 154624K, 100% used [0x00000000e0000000,0x00000000e9700000,0x00000000e9700000)
  from space 11776K, 99% used [0x00000000ea680000,0x00000000eb1fbf30,0x00000000eb200000)
  to   space 13824K, 0% used [0x00000000e9700000,0x00000000e9700000,0x00000000ea480000)
 ParOldGen       total 55296K, used 17364K [0x00000000a0000000, 0x00000000a3600000, 0x00000000e0000000)
  object space 55296K, 31% used [0x00000000a0000000,0x00000000a10f50b8,0x00000000a3600000)
 Metaspace       used 46291K, capacity 47270K, committed 47744K, reserved 1091584K
  class space    used 5915K, capacity 6184K, committed 6272K, reserved 1048576K
Event: 23.517 GC heap after
Heap after GC invocations=17 (full 2):
 PSYoungGen      total 168448K, used 1761K [0x00000000e0000000, 0x00000000eb200000, 0x0000000100000000)
  eden space 154624K, 0% used [0x00000000e0000000,0x00000000e0000000,0x00000000e9700000)
  from space 13824K, 12% used [0x00000000e9700000,0x00000000e98b86a0,0x00000000ea480000)
  to   space 11776K, 0% used [0x00000000ea680000,0x00000000ea680000,0x00000000eb200000)
 ParOldGen       total 55296K, used 26374K [0x00000000a0000000, 0x00000000a3600000, 0x00000000e0000000)
  object space 55296K, 47% used [0x00000000a0000000,0x00000000a19c1890,0x00000000a3600000)
 Metaspace       used 46291K, capacity 47270K, committed 47744K, reserved 1091584K
  class space    used 5915K, capacity 6184K, committed 6272K, reserved 1048576K
}
Event: 27.978 GC heap before
{Heap before GC invocations=18 (full 2):
 PSYoungGen      total 168448K, used 156385K [0x00000000e0000000, 0x00000000eb200000, 0x0000000100000000)
  eden space 154624K, 100% used [0x00000000e0000000,0x00000000e9700000,0x00000000e9700000)
  from space 13824K, 12% used [0x00000000e9700000,0x00000000e98b86a0,0x00000000ea480000)
  to   space 11776K, 0% used [0x00000000ea680000,0x00000000ea680000,0x00000000eb200000)
 ParOldGen       total 55296K, used 26374K [0x00000000a0000000, 0x00000000a3600000, 0x00000000e0000000)
  object space 55296K, 47% used [0x00000000a0000000,0x00000000a19c1890,0x00000000a3600000)
 Metaspace       used 46530K, capacity 47544K, committed 48000K, reserved 1091584K
  class space    used 5917K, capacity 6187K, committed 6272K, reserved 1048576K
Event: 27.982 GC heap after
Heap after GC invocations=18 (full 2):
 PSYoungGen      total 166400K, used 2084K [0x00000000e0000000, 0x00000000eb200000, 0x0000000100000000)
  eden space 154624K, 0% used [0x00000000e0000000,0x00000000e0000000,0x00000000e9700000)
  from space 11776K, 17% used [0x00000000ea680000,0x00000000ea889180,0x00000000eb200000)
  to   space 13824K, 0% used [0x00000000e9700000,0x00000000e9700000,0x00000000ea480000)
 ParOldGen       total 55296K, used 26382K [0x00000000a0000000, 0x00000000a3600000, 0x00000000e0000000)
  object space 55296K, 47% used [0x00000000a0000000,0x00000000a19c3890,0x00000000a3600000)
 Metaspace       used 46530K, capacity 47544K, committed 48000K, reserved 1091584K
  class space    used 5917K, capacity 6187K, committed 6272K, reserved 1048576K
}
Event: 28.909 GC heap before
{Heap before GC invocations=19 (full 2):
 PSYoungGen      total 166400K, used 156708K [0x00000000e0000000, 0x00000000eb200000, 0x0000000100000000)
  eden space 154624K, 100% used [0x00000000e0000000,0x00000000e9700000,0x00000000e9700000)
  from space 11776K, 17% used [0x00000000ea680000,0x00000000ea889180,0x00000000eb200000)
  to   space 13824K, 0% used [0x00000000e9700000,0x00000000e9700000,0x00000000ea480000)
 ParOldGen       total 55296K, used 26382K [0x00000000a0000000, 0x00000000a3600000, 0x00000000e0000000)
  object space 55296K, 47% used [0x00000000a0000000,0x00000000a19c3890,0x00000000a3600000)
 Metaspace       used 46535K, capacity 47544K, committed 48000K, reserved 1091584K
  class space    used 5917K, capacity 6187K, committed 6272K, reserved 1048576K
Event: 28.912 GC heap after
Heap after GC invocations=19 (full 2):
 PSYoungGen      total 168448K, used 1843K [0x00000000e0000000, 0x00000000ec900000, 0x0000000100000000)
  eden space 154624K, 0% used [0x00000000e0000000,0x00000000e0000000,0x00000000e9700000)
  from space 13824K, 13% used [0x00000000e9700000,0x00000000e98ccf50,0x00000000ea480000)
  to   space 15360K, 0% used [0x00000000eba00000,0x00000000eba00000,0x00000000ec900000)
 ParOldGen       total 55296K, used 26390K [0x00000000a0000000, 0x00000000a3600000, 0x00000000e0000000)
  object space 55296K, 47% used [0x00000000a0000000,0x00000000a19c5890,0x00000000a3600000)
 Metaspace       used 46535K, capacity 47544K, committed 48000K, reserved 1091584K
  class space    used 5917K, capacity 6187K, committed 6272K, reserved 1048576K
}
Event: 29.693 GC heap before
{Heap before GC invocations=20 (full 2):
 PSYoungGen      total 168448K, used 156467K [0x00000000e0000000, 0x00000000ec900000, 0x0000000100000000)
  eden space 154624K, 100% used [0x00000000e0000000,0x00000000e9700000,0x00000000e9700000)
  from space 13824K, 13% used [0x00000000e9700000,0x00000000e98ccf50,0x00000000ea480000)
  to   space 15360K, 0% used [0x00000000eba00000,0x00000000eba00000,0x00000000ec900000)
 ParOldGen       total 55296K, used 26390K [0x00000000a0000000, 0x00000000a3600000, 0x00000000e0000000)
  object space 55296K, 47% used [0x00000000a0000000,0x00000000a19c5890,0x00000000a3600000)
 Metaspace       used 46535K, capacity 47544K, committed 48000K, reserved 1091584K
  class space    used 5917K, capacity 6187K, committed 6272K, reserved 1048576K
Event: 29.696 GC heap after
Heap after GC invocations=20 (full 2):
 PSYoungGen      total 188416K, used 1827K [0x00000000e0000000, 0x00000000ec780000, 0x0000000100000000)
  eden space 174592K, 0% used [0x00000000e0000000,0x00000000e0000000,0x00000000eaa80000)
  from space 13824K, 13% used [0x00000000eba00000,0x00000000ebbc8d20,0x00000000ec780000)
  to   space 14848K, 0% used [0x00000000eaa80000,0x00000000eaa80000,0x00000000eb900000)
 ParOldGen       total 55296K, used 26398K [0x00000000a0000000, 0x00000000a3600000, 0x00000000e0000000)
  object space 55296K, 47% used [0x00000000a0000000,0x00000000a19c7890,0x00000000a3600000)
 Metaspace       used 46535K, capacity 47544K, committed 48000K, reserved 1091584K
  class space    used 5917K, capacity 6187K, committed 6272K, reserved 1048576K
}

